<?xml version="1.0" encoding="UTF-8"?>
<!-- Generated by org.testng.reporters.JUnitReportReporter -->
<testsuite skipped="0" hostname="LAPTOP-D5U911R6" name="com.selenium.testCase.loginTest" tests="3" failures="0" timestamp="22 四月 2020 09:45:01 GMT" time="9.481" errors="0">
  <testcase name="quitDriver" time="3.928" classname="com.selenium.testCase.loginTest"/>
  <testcase name="testLogin" time="2.235" classname="com.selenium.testCase.loginTest"/>
  <testcase name="getLoinHome" time="3.318" classname="com.selenium.testCase.loginTest"/>
</testsuite> <!-- com.selenium.testCase.loginTest -->
