<?xml version="1.0" encoding="UTF-8"?>
<!-- Generated by org.testng.reporters.JUnitReportReporter -->
<testsuite skipped="0" hostname="LAPTOP-D5U911R6" name="com.bs.jenkins.JenkinsLogin2" tests="3" failures="0" timestamp="04 四月 2020 12:24:53 GMT" time="16.339" errors="0">
  <testcase name="loginScript" time="3.865" classname="com.bs.jenkins.JenkinsLogin2"/>
  <testcase name="QuitDriver" time="1.143" classname="com.bs.jenkins.JenkinsLogin2"/>
  <testcase name="InitDriver" time="11.331" classname="com.bs.jenkins.JenkinsLogin2"/>
</testsuite> <!-- com.bs.jenkins.JenkinsLogin2 -->
