<?xml version="1.0" encoding="UTF-8"?>
<!-- Generated by org.testng.reporters.JUnitReportReporter -->
<testsuite skipped="0" hostname="LAPTOP-D5U911R6" name="com.selenium.testCase.registerTest" tests="3" failures="0" timestamp="19 四月 2020 02:27:03 GMT" time="9.095" errors="0">
  <testcase name="quitDriver" time="3.911" classname="com.selenium.testCase.registerTest"/>
  <testcase name="getRegisterHome" time="3.208" classname="com.selenium.testCase.registerTest"/>
  <testcase name="testRegister" time="1.976" classname="com.selenium.testCase.registerTest"/>
</testsuite> <!-- com.selenium.testCase.registerTest -->
