<?xml version="1.0" encoding="UTF-8"?>
<!-- Generated by org.testng.reporters.JUnitReportReporter -->
<testsuite skipped="0" hostname="LAPTOP-D5U911R6" name="com.lemon.jenkins.AddItemTest" tests="1" failures="0" timestamp="21 二月 2020 10:14:31 GMT" time="18.194" errors="0">
  <testcase name="test" time="18.194" classname="com.lemon.jenkins.AddItemTest"/>
</testsuite> <!-- com.lemon.jenkins.AddItemTest -->
