<?xml version="1.0" encoding="UTF-8"?>
<!-- Generated by org.testng.reporters.JUnitReportReporter -->
<testsuite skipped="0" hostname="LAPTOP-D5U911R6" name="com.lemon.jenkins.DeleteItemTest" tests="1" failures="0" timestamp="21 二月 2020 10:14:31 GMT" time="16.939" errors="0">
  <testcase name="test" time="16.939" classname="com.lemon.jenkins.DeleteItemTest"/>
</testsuite> <!-- com.lemon.jenkins.DeleteItemTest -->
