<?xml version="1.0" encoding="UTF-8"?>
<!-- Generated by org.testng.reporters.JUnitReportReporter -->
<testsuite skipped="0" hostname="LAPTOP-D5U911R6" name="com.bs.Test.LoginFailTest" tests="1" failures="0" timestamp="24 三月 2020 08:22:28 GMT" time="0.318" errors="0">
  <testcase name="test002_login" time="0.318" classname="com.bs.Test.LoginFailTest"/>
</testsuite> <!-- com.bs.Test.LoginFailTest -->
