<?xml version="1.0" encoding="UTF-8"?>
<!-- Generated by org.testng.reporters.JUnitReportReporter -->
<testsuite skipped="0" hostname="LAPTOP-D5U911R6" name="com.bs.Test.RegisterFailTest" tests="3" failures="0" timestamp="24 三月 2020 08:22:28 GMT" time="1.037" errors="0">
  <testcase name="test003_registerError" time="0.324" classname="com.bs.Test.RegisterFailTest"/>
  <testcase name="test002_registerNull" time="0.242" classname="com.bs.Test.RegisterFailTest"/>
  <testcase name="test003_registerPasswordStrength" time="0.471" classname="com.bs.Test.RegisterFailTest"/>
</testsuite> <!-- com.bs.Test.RegisterFailTest -->
