<?xml version="1.0" encoding="UTF-8"?>
<!-- Generated by org.testng.reporters.JUnitReportReporter -->
<testsuite skipped="0" hostname="LAPTOP-D5U911R6" name="com.bs.Test.LoginFailTest" tests="1" failures="0" timestamp="23 三月 2020 08:44:39 GMT" time="1.181" errors="0">
  <testcase name="test002_login" time="1.181" classname="com.bs.Test.LoginFailTest"/>
</testsuite> <!-- com.bs.Test.LoginFailTest -->
