<?xml version="1.0" encoding="UTF-8"?>
<!-- Generated by org.testng.reporters.JUnitReportReporter -->
<testsuite skipped="0" hostname="LAPTOP-D5U911R6" name="com.bs.Test.RegisterFailTest" tests="3" failures="0" timestamp="23 三月 2020 11:14:23 GMT" time="0.964" errors="0">
  <testcase name="test002_registerNull" time="0.302" classname="com.bs.Test.RegisterFailTest"/>
  <testcase name="test003_registerError" time="0.272" classname="com.bs.Test.RegisterFailTest"/>
  <testcase name="test003_registerPasswordStrength" time="0.390" classname="com.bs.Test.RegisterFailTest"/>
</testsuite> <!-- com.bs.Test.RegisterFailTest -->
