<?xml version="1.0" encoding="UTF-8"?>
<!-- Generated by org.testng.reporters.JUnitReportReporter -->
<testsuite skipped="0" hostname="LAPTOP-D5U911R6" name="com.bs.Test.LoginTest" tests="1" failures="0" timestamp="23 三月 2020 09:03:29 GMT" time="3.808" errors="0">
  <testcase name="test001_login" time="3.808" classname="com.bs.Test.LoginTest"/>
</testsuite> <!-- com.bs.Test.LoginTest -->
