<?xml version="1.0" encoding="UTF-8"?>
<!-- Generated by org.testng.reporters.JUnitReportReporter -->
<testsuite skipped="0" hostname="LAPTOP-D5U911R6" name="com.bs.Test.AddItemTest" tests="1" failures="0" timestamp="22 三月 2020 12:29:02 GMT" time="20.455" errors="0">
  <testcase name="test" time="20.455" classname="com.bs.Test.AddItemTest"/>
</testsuite> <!-- com.bs.Test.AddItemTest -->
