<?xml version="1.0" encoding="UTF-8"?>
<!-- Generated by org.testng.reporters.JUnitReportReporter -->
<testsuite skipped="0" hostname="LAPTOP-D5U911R6" name="com.bs.Test.DeleteItemTest" tests="1" failures="0" timestamp="22 三月 2020 12:31:11 GMT" time="13.552" errors="0">
  <testcase name="test" time="13.552" classname="com.bs.Test.DeleteItemTest"/>
</testsuite> <!-- com.bs.Test.DeleteItemTest -->
